#
# There is insufficient memory for the Java Runtime Environment to continue.
# Native memory allocation (mmap) failed to map 101711872 bytes for committing reserved memory.
# Possible reasons:
#   The system is out of physical RAM or swap space
#   In 32 bit mode, the process size limit was hit
# Possible solutions:
#   Reduce memory load on the system
#   Increase physical memory or swap space
#   Check if swap backing store is full
#   Use 64 bit Java on a 64 bit OS
#   Decrease Java heap size (-Xmx/-Xms)
#   Decrease number of Java threads
#   Decrease Java thread stack sizes (-Xss)
#   Set larger code cache with -XX:ReservedCodeCacheSize=
# This output file may be truncated or incomplete.
#
#  Out of Memory Error (os_linux.cpp:2643), pid=11153, tid=0x00007f3118507700
#
# JRE version: OpenJDK Runtime Environment (8.0_131-b11) (build 1.8.0_131-8u131-b11-2ubuntu1.17.04.3-b11)
# Java VM: OpenJDK 64-Bit Server VM (25.131-b11 mixed mode linux-amd64 compressed oops)
# Failed to write core dump. Core dumps have been disabled. To enable core dumping, try "ulimit -c unlimited" before starting Java again
#

---------------  T H R E A D  ---------------

Current thread (0x00007f3128073800):  VMThread [stack: 0x00007f3118407000,0x00007f3118508000] [id=11182]

Stack: [0x00007f3118407000,0x00007f3118508000],  sp=0x00007f31185064b0,  free space=1021k
Native frames: (J=compiled Java code, j=interpreted, Vv=VM code, C=native code)
V  [libjvm.so+0xa6fa00]  VMError::report_and_die()+0x160
V  [libjvm.so+0x4c7bdc]  report_vm_out_of_memory(char const*, int, unsigned long, VMErrorType, char const*)+0xac
V  [libjvm.so+0x8be7a0]  os::pd_commit_memory(char*, unsigned long, unsigned long, bool)+0xf0
V  [libjvm.so+0x8b8e2e]  os::commit_memory(char*, unsigned long, unsigned long, bool)+0x2e
V  [libjvm.so+0x93395e]  PSVirtualSpace::expand_by(unsigned long)+0x4e
V  [libjvm.so+0x934ce3]  PSYoungGen::resize(unsigned long, unsigned long)+0x103
V  [libjvm.so+0x931333]  PSScavenge::invoke_no_policy()+0x1503
V  [libjvm.so+0x92a039]  PSParallelCompact::invoke(bool)+0x49
V  [libjvm.so+0x449a23]  CollectedHeap::collect_as_vm_thread(GCCause::Cause)+0x163
V  [libjvm.so+0xa70ed9]  VM_CollectForMetadataAllocation::doit()+0x169
V  [libjvm.so+0xa767e7]  VM_Operation::evaluate()+0x47
V  [libjvm.so+0xa73f77]  VMThread::evaluate_operation(VM_Operation*) [clone .constprop.30]+0xe7
V  [libjvm.so+0xa753f6]  VMThread::loop()+0x246
V  [libjvm.so+0xa758f1]  VMThread::run()+0x81
V  [libjvm.so+0x8bbd32]  java_start(Thread*)+0xf2

VM_Operation (0x00007f313091cff0): CollectForMetadataAllocation, mode: safepoint, requested by thread 0x00007f312800a000


---------------  P R O C E S S  ---------------

Java Threads: ( => current thread )
  0x00007f31280b0000 JavaThread "Service Thread" daemon [_thread_blocked, id=11188, stack(0x00007f3112372000,0x00007f3112473000)]
  0x00007f31280ad000 JavaThread "C1 CompilerThread1" daemon [_thread_blocked, id=11187, stack(0x00007f3112473000,0x00007f3112574000)]
  0x00007f31280aa800 JavaThread "C2 CompilerThread0" daemon [_thread_blocked, id=11186, stack(0x00007f3118003000,0x00007f3118104000)]
  0x00007f31280a8000 JavaThread "Signal Dispatcher" daemon [_thread_blocked, id=11185, stack(0x00007f3118104000,0x00007f3118205000)]
  0x00007f312807f800 JavaThread "Finalizer" daemon [_thread_blocked, id=11184, stack(0x00007f3118205000,0x00007f3118306000)]
  0x00007f312807b000 JavaThread "Reference Handler" daemon [_thread_blocked, id=11183, stack(0x00007f3118306000,0x00007f3118407000)]
  0x00007f312800a000 JavaThread "main" [_thread_blocked, id=11179, stack(0x00007f3130822000,0x00007f3130923000)]

Other Threads:
=>0x00007f3128073800 VMThread [stack: 0x00007f3118407000,0x00007f3118508000] [id=11182]
  0x00007f31280b7000 WatcherThread [stack: 0x00007f3112271000,0x00007f3112372000] [id=11189]

VM state:at safepoint (normal execution)

VM Mutex/Monitor currently owned by a thread:  ([mutex/lock_event])
[0x00007f31280064a0] Threads_lock - owner thread: 0x00007f3128073800
[0x00007f31280069a0] Heap_lock - owner thread: 0x00007f312800a000

Heap:
 PSYoungGen      total 105984K, used 6285K [0x00000000f0380000, 0x00000000f7280000, 0x0000000100000000)
  eden space 98304K, 0% used [0x00000000f0380000,0x00000000f0380000,0x00000000f6380000)
  from space 7680K, 81% used [0x00000000f6380000,0x00000000f69a36e0,0x00000000f6b00000)
  to   space 7168K, 0% used [0x00000000f6b80000,0x00000000f6b80000,0x00000000f7280000)
 ParOldGen       total 32768K, used 12698K [0x00000000d0a00000, 0x00000000d2a00000, 0x00000000f0380000)
  object space 32768K, 38% used [0x00000000d0a00000,0x00000000d1666840,0x00000000d2a00000)
 Metaspace       used 20581K, capacity 21212K, committed 21296K, reserved 1069056K
  class space    used 2449K, capacity 2569K, committed 2608K, reserved 1048576K

Card table byte_map: [0x00007f312cd49000,0x00007f312cec5000] byte_map_base: 0x00007f312c6c4000

Marking Bits: (ParMarkBitMap*) 0x00007f312fae72c0
 Begin Bits: [0x00007f3112850000, 0x00007f3113428000)
 End Bits:   [0x00007f3113428000, 0x00007f3114000000)

Polling page: 0x00007f3130939000

CodeCache: size=245760Kb used=10162Kb max_used=10174Kb free=235597Kb
 bounds [0x00007f3119000000, 0x00007f3119a00000, 0x00007f3128000000]
 total_blobs=3576 nmethods=3216 adapters=274
 compilation: enabled

Compilation events (10 events):
Event: 6,718 Thread 0x00007f31280aa800 nmethod 3146 0x00007f31199dff10 code [0x00007f31199e0140, 0x00007f31199e0c10]
Event: 6,718 Thread 0x00007f31280aa800 3161   !   4       java.lang.ClassLoader::loadClass (122 bytes)
Event: 6,749 Thread 0x00007f31280aa800 nmethod 3161 0x00007f31199f41d0 code [0x00007f31199f43e0, 0x00007f31199f5398]
Event: 6,749 Thread 0x00007f31280aa800 3150   !   4       java.nio.charset.CharsetDecoder::decode (287 bytes)
Event: 6,756 Thread 0x00007f31280aa800 nmethod 3150 0x00007f31199dd450 code [0x00007f31199dd5e0, 0x00007f31199dd828]
Event: 6,756 Thread 0x00007f31280aa800 3115       4       java.util.AbstractMap::<init> (5 bytes)
Event: 6,756 Thread 0x00007f31280aa800 nmethod 3115 0x00007f31199de810 code [0x00007f31199de960, 0x00007f31199de9b8]
Event: 6,756 Thread 0x00007f31280aa800 3045   !   4       com.google.inject.internal.InjectorImpl$2::get (56 bytes)
Event: 6,770 Thread 0x00007f31280aa800 nmethod 3045 0x00007f31199e1d10 code [0x00007f31199e1fa0, 0x00007f31199e28a8]
Event: 6,770 Thread 0x00007f31280aa800 3230       4       java.net.URLClassLoader$1::run (5 bytes)

GC Heap History (10 events):
Event: 1,640 GC heap after
Heap after GC invocations=2 (full 0):
 PSYoungGen      total 26624K, used 2043K [0x00000000f0380000, 0x00000000f1f80000, 0x0000000100000000)
  eden space 24576K, 0% used [0x00000000f0380000,0x00000000f0380000,0x00000000f1b80000)
  from space 2048K, 99% used [0x00000000f1d80000,0x00000000f1f7eee0,0x00000000f1f80000)
  to   space 2048K, 0% used [0x00000000f1b80000,0x00000000f1b80000,0x00000000f1d80000)
 ParOldGen       total 32768K, used 1292K [0x00000000d0a00000, 0x00000000d2a00000, 0x00000000f0380000)
  object space 32768K, 3% used [0x00000000d0a00000,0x00000000d0b43008,0x00000000d2a00000)
 Metaspace       used 7589K, capacity 7676K, committed 7936K, reserved 1056768K
  class space    used 918K, capacity 984K, committed 1024K, reserved 1048576K
}
Event: 2,143 GC heap before
{Heap before GC invocations=3 (full 0):
 PSYoungGen      total 26624K, used 26619K [0x00000000f0380000, 0x00000000f1f80000, 0x0000000100000000)
  eden space 24576K, 100% used [0x00000000f0380000,0x00000000f1b80000,0x00000000f1b80000)
  from space 2048K, 99% used [0x00000000f1d80000,0x00000000f1f7eee0,0x00000000f1f80000)
  to   space 2048K, 0% used [0x00000000f1b80000,0x00000000f1b80000,0x00000000f1d80000)
 ParOldGen       total 32768K, used 1292K [0x00000000d0a00000, 0x00000000d2a00000, 0x00000000f0380000)
  object space 32768K, 3% used [0x00000000d0a00000,0x00000000d0b43008,0x00000000d2a00000)
 Metaspace       used 9736K, capacity 9940K, committed 9984K, reserved 1058816K
  class space    used 1173K, capacity 1245K, committed 1280K, reserved 1048576K
Event: 2,155 GC heap after
Heap after GC invocations=3 (full 0):
 PSYoungGen      total 26624K, used 2048K [0x00000000f0380000, 0x00000000f3780000, 0x0000000100000000)
  eden space 24576K, 0% used [0x00000000f0380000,0x00000000f0380000,0x00000000f1b80000)
  from space 2048K, 100% used [0x00000000f1b80000,0x00000000f1d80000,0x00000000f1d80000)
  to   space 2048K, 0% used [0x00000000f3580000,0x00000000f3580000,0x00000000f3780000)
 ParOldGen       total 32768K, used 3748K [0x00000000d0a00000, 0x00000000d2a00000, 0x00000000f0380000)
  object space 32768K, 11% used [0x00000000d0a00000,0x00000000d0da93e8,0x00000000d2a00000)
 Metaspace       used 9736K, capacity 9940K, committed 9984K, reserved 1058816K
  class space    used 1173K, capacity 1245K, committed 1280K, reserved 1048576K
}
Event: 2,739 GC heap before
{Heap before GC invocations=4 (full 0):
 PSYoungGen      total 26624K, used 26624K [0x00000000f0380000, 0x00000000f3780000, 0x0000000100000000)
  eden space 24576K, 100% used [0x00000000f0380000,0x00000000f1b80000,0x00000000f1b80000)
  from space 2048K, 100% used [0x00000000f1b80000,0x00000000f1d80000,0x00000000f1d80000)
  to   space 2048K, 0% used [0x00000000f3580000,0x00000000f3580000,0x00000000f3780000)
 ParOldGen       total 32768K, used 3748K [0x00000000d0a00000, 0x00000000d2a00000, 0x00000000f0380000)
  object space 32768K, 11% used [0x00000000d0a00000,0x00000000d0da93e8,0x00000000d2a00000)
 Metaspace       used 12541K, capacity 12718K, committed 12928K, reserved 1060864K
  class space    used 1556K, capacity 1637K, committed 1664K, reserved 1048576K
Event: 2,761 GC heap after
Heap after GC invocations=4 (full 0):
 PSYoungGen      total 51200K, used 2032K [0x00000000f0380000, 0x00000000f3780000, 0x0000000100000000)
  eden space 49152K, 0% used [0x00000000f0380000,0x00000000f0380000,0x00000000f3380000)
  from space 2048K, 99% used [0x00000000f3580000,0x00000000f377c030,0x00000000f3780000)
  to   space 2048K, 0% used [0x00000000f3380000,0x00000000f3380000,0x00000000f3580000)
 ParOldGen       total 32768K, used 7469K [0x00000000d0a00000, 0x00000000d2a00000, 0x00000000f0380000)
  object space 32768K, 22% used [0x00000000d0a00000,0x00000000d114b7e0,0x00000000d2a00000)
 Metaspace       used 12541K, capacity 12718K, committed 12928K, reserved 1060864K
  class space    used 1556K, capacity 1637K, committed 1664K, reserved 1048576K
}
Event: 4,431 GC heap before
{Heap before GC invocations=5 (full 0):
 PSYoungGen      total 51200K, used 51184K [0x00000000f0380000, 0x00000000f3780000, 0x0000000100000000)
  eden space 49152K, 100% used [0x00000000f0380000,0x00000000f3380000,0x00000000f3380000)
  from space 2048K, 99% used [0x00000000f3580000,0x00000000f377c030,0x00000000f3780000)
  to   space 2048K, 0% used [0x00000000f3380000,0x00000000f3380000,0x00000000f3580000)
 ParOldGen       total 32768K, used 7469K [0x00000000d0a00000, 0x00000000d2a00000, 0x00000000f0380000)
  object space 32768K, 22% used [0x00000000d0a00000,0x00000000d114b7e0,0x00000000d2a00000)
 Metaspace       used 16116K, capacity 16370K, committed 16640K, reserved 1064960K
  class space    used 1923K, capacity 2009K, committed 2048K, reserved 1048576K
Event: 4,473 GC heap after
Heap after GC invocations=5 (full 0):
 PSYoungGen      total 51200K, used 2032K [0x00000000f0380000, 0x00000000f7380000, 0x0000000100000000)
  eden space 49152K, 0% used [0x00000000f0380000,0x00000000f0380000,0x00000000f3380000)
  from space 2048K, 99% used [0x00000000f3380000,0x00000000f357c030,0x00000000f3580000)
  to   space 8192K, 0% used [0x00000000f6b80000,0x00000000f6b80000,0x00000000f7380000)
 ParOldGen       total 32768K, used 12237K [0x00000000d0a00000, 0x00000000d2a00000, 0x00000000f0380000)
  object space 32768K, 37% used [0x00000000d0a00000,0x00000000d15f3650,0x00000000d2a00000)
 Metaspace       used 16116K, capacity 16370K, committed 16640K, reserved 1064960K
  class space    used 1923K, capacity 2009K, committed 2048K, reserved 1048576K
}
Event: 5,857 GC heap before
{Heap before GC invocations=6 (full 0):
 PSYoungGen      total 51200K, used 51184K [0x00000000f0380000, 0x00000000f7380000, 0x0000000100000000)
  eden space 49152K, 100% used [0x00000000f0380000,0x00000000f3380000,0x00000000f3380000)
  from space 2048K, 99% used [0x00000000f3380000,0x00000000f357c030,0x00000000f3580000)
  to   space 8192K, 0% used [0x00000000f6b80000,0x00000000f6b80000,0x00000000f7380000)
 ParOldGen       total 32768K, used 12237K [0x00000000d0a00000, 0x00000000d2a00000, 0x00000000f0380000)
  object space 32768K, 37% used [0x00000000d0a00000,0x00000000d15f3650,0x00000000d2a00000)
 Metaspace       used 17440K, capacity 17882K, committed 18048K, reserved 1064960K
  class space    used 2047K, capacity 2165K, committed 2176K, reserved 1048576K
Event: 5,876 GC heap after
Heap after GC invocations=6 (full 0):
 PSYoungGen      total 105472K, used 5148K [0x00000000f0380000, 0x00000000f7280000, 0x0000000100000000)
  eden space 98304K, 0% used [0x00000000f0380000,0x00000000f0380000,0x00000000f6380000)
  from space 7168K, 71% used [0x00000000f6b80000,0x00000000f7087220,0x00000000f7280000)
  to   space 7680K, 0% used [0x00000000f6380000,0x00000000f6380000,0x00000000f6b00000)
 ParOldGen       total 32768K, used 12237K [0x00000000d0a00000, 0x00000000d2a00000, 0x00000000f0380000)
  object space 32768K, 37% used [0x00000000d0a00000,0x00000000d15f3650,0x00000000d2a00000)
 Metaspace       used 17440K, capacity 17882K, committed 18048K, reserved 1064960K
  class space    used 2047K, capacity 2165K, committed 2176K, reserved 1048576K
}
Event: 6,855 GC heap before
{Heap before GC invocations=7 (full 0):
 PSYoungGen      total 105472K, used 46415K [0x00000000f0380000, 0x00000000f7280000, 0x0000000100000000)
  eden space 98304K, 41% used [0x00000000f0380000,0x00000000f2bcca90,0x00000000f6380000)
  from space 7168K, 71% used [0x00000000f6b80000,0x00000000f7087220,0x00000000f7280000)
  to   space 7680K, 0% used [0x00000000f6380000,0x00000000f6380000,0x00000000f6b00000)
 ParOldGen       total 32768K, used 12237K [0x00000000d0a00000, 0x00000000d2a00000, 0x00000000f0380000)
  object space 32768K, 37% used [0x00000000d0a00000,0x00000000d15f3650,0x00000000d2a00000)
 Metaspace       used 20581K, capacity 21212K, committed 21296K, reserved 1069056K
  class space    used 2449K, capacity 2569K, committed 2608K, reserved 1048576K

Deoptimization events (10 events):
Event: 5,027 Thread 0x00007f312800a000 Uncommon trap: reason=class_check action=maybe_recompile pc=0x00007f311939cd30 method=java.lang.reflect.Executable.getAnnotation(Ljava/lang/Class;)Ljava/lang/annotation/Annotation; @ 19
Event: 5,033 Thread 0x00007f312800a000 Uncommon trap: reason=bimorphic action=maybe_recompile pc=0x00007f3119749298 method=java.util.concurrent.ConcurrentHashMap.get(Ljava/lang/Object;)Ljava/lang/Object; @ 149
Event: 5,538 Thread 0x00007f312800a000 Uncommon trap: reason=class_check action=maybe_recompile pc=0x00007f311939cd30 method=java.lang.reflect.Executable.getAnnotation(Ljava/lang/Class;)Ljava/lang/annotation/Annotation; @ 19
Event: 5,565 Thread 0x00007f312800a000 Uncommon trap: reason=bimorphic action=maybe_recompile pc=0x00007f3119868c40 method=java.util.regex.Pattern$CharProperty.match(Ljava/util/regex/Matcher;ILjava/lang/CharSequence;)Z @ 37
Event: 5,910 Thread 0x00007f312800a000 Uncommon trap: reason=bimorphic action=maybe_recompile pc=0x00007f3119749298 method=java.util.concurrent.ConcurrentHashMap.get(Ljava/lang/Object;)Ljava/lang/Object; @ 149
Event: 5,951 Thread 0x00007f312800a000 Uncommon trap: reason=speculate_class_check action=maybe_recompile pc=0x00007f31197f0ddc method=java.nio.charset.CharsetDecoder.decode(Ljava/nio/ByteBuffer;Ljava/nio/CharBuffer;Z)Ljava/nio/charset/CoderResult; @ 57
Event: 5,952 Thread 0x00007f312800a000 Uncommon trap: reason=speculate_class_check action=maybe_recompile pc=0x00007f31197f0ddc method=java.nio.charset.CharsetDecoder.decode(Ljava/nio/ByteBuffer;Ljava/nio/CharBuffer;Z)Ljava/nio/charset/CoderResult; @ 57
Event: 6,022 Thread 0x00007f312800a000 Uncommon trap: reason=bimorphic action=maybe_recompile pc=0x00007f3119749298 method=java.util.concurrent.ConcurrentHashMap.get(Ljava/lang/Object;)Ljava/lang/Object; @ 149
Event: 6,035 Thread 0x00007f312800a000 Uncommon trap: reason=bimorphic action=maybe_recompile pc=0x00007f3119749298 method=java.util.concurrent.ConcurrentHashMap.get(Ljava/lang/Object;)Ljava/lang/Object; @ 149
Event: 6,351 Thread 0x00007f312800a000 Uncommon trap: reason=bimorphic action=maybe_recompile pc=0x00007f3119868c40 method=java.util.regex.Pattern$CharProperty.match(Ljava/util/regex/Matcher;ILjava/lang/CharSequence;)Z @ 37

Internal exceptions (10 events):
Event: 3,617 Thread 0x00007f312800a000 Exception <a 'java/lang/NullPointerException'> (0x00000000f1b03860) thrown at [/build/openjdk-8-ugc2Ph/openjdk-8-8u131-b11/src/hotspot/src/share/vm/interpreter/linkResolver.cpp, line 1197]
Event: 3,617 Thread 0x00007f312800a000 Exception <a 'java/lang/NullPointerException'> (0x00000000f1b03a78) thrown at [/build/openjdk-8-ugc2Ph/openjdk-8-8u131-b11/src/hotspot/src/share/vm/interpreter/linkResolver.cpp, line 1197]
Event: 3,618 Thread 0x00007f312800a000 Exception <a 'java/lang/NullPointerException'> (0x00000000f1b0a660) thrown at [/build/openjdk-8-ugc2Ph/openjdk-8-8u131-b11/src/hotspot/src/share/vm/interpreter/linkResolver.cpp, line 1197]
Event: 3,618 Thread 0x00007f312800a000 Exception <a 'java/lang/NullPointerException'> (0x00000000f1b0a878) thrown at [/build/openjdk-8-ugc2Ph/openjdk-8-8u131-b11/src/hotspot/src/share/vm/interpreter/linkResolver.cpp, line 1197]
Event: 3,618 Thread 0x00007f312800a000 Exception <a 'java/lang/NullPointerException'> (0x00000000f1b0aa90) thrown at [/build/openjdk-8-ugc2Ph/openjdk-8-8u131-b11/src/hotspot/src/share/vm/interpreter/linkResolver.cpp, line 1197]
Event: 4,240 Thread 0x00007f312800a000 Implicit null exception at 0x00007f31192e80f5 to 0x00007f31192e82fd
Event: 4,241 Thread 0x00007f312800a000 Implicit null exception at 0x00007f3119300f2f to 0x00007f3119300f99
Event: 4,312 Thread 0x00007f312800a000 Implicit null exception at 0x00007f31196c4eb9 to 0x00007f31196c5881
Event: 4,373 Thread 0x00007f312800a000 Implicit null exception at 0x00007f31193228fb to 0x00007f3119322ef5
Event: 6,465 Thread 0x00007f312800a000 Exception <a 'java/lang/ClassNotFoundException': com/sun/tools/javac/api/JavacTool> (0x00000000f21d0920) thrown at [/build/openjdk-8-ugc2Ph/openjdk-8-8u131-b11/src/hotspot/src/share/vm/classfile/systemDictionary.cpp, line 210]

Events (10 events):
Event: 6,837 loading class com/sun/tools/javac/comp/Env done
Event: 6,837 loading class com/sun/tools/javac/comp/AttrContextEnv
Event: 6,837 loading class com/sun/tools/javac/comp/AttrContextEnv done
Event: 6,838 loading class com/sun/tools/javac/comp/Enter
Event: 6,838 loading class com/sun/tools/javac/comp/Enter done
Event: 6,841 loading class com/sun/tools/javac/tree/TreeMaker
Event: 6,841 loading class com/sun/tools/javac/tree/TreeMaker done
Event: 6,842 loading class com/sun/tools/javac/tree/JCTree$Factory
Event: 6,842 loading class com/sun/tools/javac/tree/JCTree$Factory done
Event: 6,843 Executing VM operation: CollectForMetadataAllocation


Dynamic libraries:
d0a00000-d2a00000 rw-p 00000000 00:00 0 
d2a00000-f0380000 ---p 00000000 00:00 0 
f0380000-f7280000 rw-p 00000000 00:00 0 
fd380000-100000000 ---p 00000000 00:00 0 
100000000-10028c000 rw-p 00000000 00:00 0 
10028c000-140000000 ---p 00000000 00:00 0 
558da64f9000-558da64fa000 r-xp 00000000 08:01 662676                     /usr/lib/jvm/java-8-openjdk-amd64/jre/bin/java
558da66f9000-558da66fa000 r--p 00000000 08:01 662676                     /usr/lib/jvm/java-8-openjdk-amd64/jre/bin/java
558da66fa000-558da66fb000 rw-p 00001000 08:01 662676                     /usr/lib/jvm/java-8-openjdk-amd64/jre/bin/java
558da71d8000-558da71f9000 rw-p 00000000 00:00 0                          [heap]
7f30e8000000-7f30e8021000 rw-p 00000000 00:00 0 
7f30e8021000-7f30ec000000 ---p 00000000 00:00 0 
7f30ecfff000-7f30f0000000 rw-p 00000000 00:00 0 
7f30f0000000-7f30f065c000 rw-p 00000000 00:00 0 
7f30f065c000-7f30f4000000 ---p 00000000 00:00 0 
7f30f4000000-7f30f4021000 rw-p 00000000 00:00 0 
7f30f4021000-7f30f8000000 ---p 00000000 00:00 0 
7f30f8000000-7f30f8021000 rw-p 00000000 00:00 0 
7f30f8021000-7f30fc000000 ---p 00000000 00:00 0 
7f30fc000000-7f30fc9cd000 rw-p 00000000 00:00 0 
7f30fc9cd000-7f3100000000 ---p 00000000 00:00 0 
7f3100000000-7f3100021000 rw-p 00000000 00:00 0 
7f3100021000-7f3104000000 ---p 00000000 00:00 0 
7f3104000000-7f3104021000 rw-p 00000000 00:00 0 
7f3104021000-7f3108000000 ---p 00000000 00:00 0 
7f3108000000-7f3108277000 rw-p 00000000 00:00 0 
7f3108277000-7f310c000000 ---p 00000000 00:00 0 
7f310c000000-7f310c021000 rw-p 00000000 00:00 0 
7f310c021000-7f3110000000 ---p 00000000 00:00 0 
7f311105c000-7f311109c000 rw-p 00000000 00:00 0 
7f311109c000-7f311125c000 ---p 00000000 00:00 0 
7f311125c000-7f31112d5000 r--s 010fd000 08:01 662744                     /usr/lib/jvm/java-8-openjdk-amd64/lib/tools.jar
7f31112d5000-7f31114d5000 rw-p 00000000 00:00 0 
7f31114d5000-7f31114d6000 r--s 00004000 08:01 139137                     /home/novabase/.m2/repository/org/codehaus/plexus/plexus-compiler-javac/2.8.1/plexus-compiler-javac-2.8.1.jar
7f31114d6000-7f31114d8000 r--s 00000000 08:01 139133                     /home/novabase/.m2/repository/org/codehaus/plexus/plexus-compiler-manager/2.8.1/plexus-compiler-manager-2.8.1.jar
7f31114d8000-7f31114da000 r--s 00005000 08:01 139131                     /home/novabase/.m2/repository/org/codehaus/plexus/plexus-compiler-api/2.8.1/plexus-compiler-api-2.8.1.jar
7f31114da000-7f31114e1000 r--s 00046000 08:01 139135                     /home/novabase/.m2/repository/com/thoughtworks/qdox/qdox/2.0-M5/qdox-2.0-M5.jar
7f31114e1000-7f31114e3000 r--s 0000c000 08:01 539088                     /home/novabase/.m2/repository/org/ow2/asm/asm/6.0_ALPHA/asm-6.0_ALPHA.jar
7f31114e3000-7f31114e5000 r--s 00002000 08:01 1343695                    /home/novabase/.m2/repository/org/apache/maven/shared/maven-shared-incremental/1.1/maven-shared-incremental-1.1.jar
7f31114e5000-7f31114e9000 r--s 0002f000 08:01 1343230                    /home/novabase/.m2/repository/commons-io/commons-io/2.5/commons-io-2.5.jar
7f31114e9000-7f31114ec000 r--s 00025000 08:01 529506                     /home/novabase/.m2/repository/org/apache/maven/shared/maven-shared-utils/3.1.0/maven-shared-utils-3.1.0.jar
7f31114ec000-7f31114ee000 r--s 00002000 08:01 1343218                    /home/novabase/.m2/repository/org/sonatype/plexus/plexus-cipher/1.4/plexus-cipher-1.4.jar
7f31114ee000-7f31114ef000 r--s 00006000 08:01 1343214                    /home/novabase/.m2/repository/org/sonatype/plexus/plexus-sec-dispatcher/1.3/plexus-sec-dispatcher-1.3.jar
7f31114ef000-7f31114f1000 r--s 00000000 08:01 1343211                    /home/novabase/.m2/repository/org/codehaus/plexus/plexus-component-annotations/1.6/plexus-component-annotations-1.6.jar
7f31114f1000-7f31114f3000 r--s 0000d000 08:01 1343684                    /home/novabase/.m2/repository/org/codehaus/plexus/plexus-interpolation/1.14/plexus-interpolation-1.14.jar
7f31114f3000-7f31114f7000 r--s 00017000 08:01 1343208                    /home/novabase/.m2/repository/org/sonatype/aether/aether-util/1.7/aether-util-1.7.jar
7f31114f7000-7f31114fb000 r--s 00033000 08:01 1343682                    /home/novabase/.m2/repository/org/codehaus/plexus/plexus-utils/2.0.4/plexus-utils-2.0.4.jar
7f31114fb000-7f3111506000 r--s 00069000 08:01 1343186                    /home/novabase/.m2/repository/org/sonatype/sisu/sisu-guice/2.1.7/sisu-guice-2.1.7-noaop.jar
7f3111506000-7f311150b000 r--s 00021000 08:01 1343184                    /home/novabase/.m2/repository/org/sonatype/sisu/sisu-inject-bean/1.4.2/sisu-inject-bean-1.4.2.jar
7f311150b000-7f311150d000 r--s 0000d000 08:01 139076                     /home/novabase/.m2/repository/org/apache/maven/plugins/maven-compiler-plugin/3.6.1/maven-compiler-plugin-3.6.1.jar
7f311150d000-7f311150f000 r--s 0000d000 08:01 539074                     /home/novabase/.m2/repository/org/codehaus/plexus/plexus-interpolation/1.13/plexus-interpolation-1.13.jar
7f311150f000-7f3111510000 r--s 00001000 08:01 139098                     /home/novabase/.m2/repository/org/sonatype/plexus/plexus-build-api/0.0.4/plexus-build-api-0.0.4.jar
7f3111510000-7f3111512000 r--s 00009000 08:01 139100                     /home/novabase/.m2/repository/org/apache/maven/shared/maven-filtering/1.1/maven-filtering-1.1.jar
7f3111512000-7f3111516000 r--s 00033000 08:01 1316197                    /home/novabase/.m2/repository/org/codehaus/plexus/plexus-utils/2.0.5/plexus-utils-2.0.5.jar
7f3111516000-7f3111519000 r--s 0001b000 08:01 1344073                    /home/novabase/.m2/repository/junit/junit/3.8.1/junit-3.8.1.jar
7f3111519000-7f311151b000 r--s 00002000 08:01 1344097                    /home/novabase/.m2/repository/org/codehaus/plexus/plexus-interactivity-api/1.0-alpha-4/plexus-interactivity-api-1.0-alpha-4.jar
7f311151b000-7f311151d000 r--s 00006000 08:01 1344094                    /home/novabase/.m2/repository/commons-cli/commons-cli/1.0/commons-cli-1.0.jar
7f311151d000-7f311151e000 r--s 00001000 08:01 1344088                    /home/novabase/.m2/repository/org/apache/maven/doxia/doxia-sink-api/1.0-alpha-7/doxia-sink-api-1.0-alpha-7.jar
7f311151e000-7f311151f000 r--s 00002000 08:01 1344086                    /home/novabase/.m2/repository/org/apache/maven/reporting/maven-reporting-api/2.0.6/maven-reporting-api-2.0.6.jar
7f311151f000-7f3111521000 r--s 00006000 08:01 139070                     /home/novabase/.m2/repository/org/apache/maven/plugins/maven-resources-plugin/2.6/maven-resources-plugin-2.6.jar
7f3111521000-7f3111525000 r--s 00034000 08:01 1344108                    /home/novabase/.m2/repository/org/codehaus/plexus/plexus-utils/3.0/plexus-utils-3.0.jar
7f3111525000-7f3111527000 r--s 00005000 08:01 529286                     /home/novabase/.m2/repository/org/apache/maven/plugins/maven-clean-plugin/2.5/maven-clean-plugin-2.5.jar
7f3111527000-7f3111727000 rw-p 00000000 00:00 0 
7f3111727000-7f3111738000 r-xp 00000000 08:01 790191                     /usr/lib/jvm/java-8-openjdk-amd64/jre/lib/amd64/libnio.so
7f3111738000-7f3111938000 ---p 00011000 08:01 790191                     /usr/lib/jvm/java-8-openjdk-amd64/jre/lib/amd64/libnio.so
7f3111938000-7f3111939000 r--p 00011000 08:01 790191                     /usr/lib/jvm/java-8-openjdk-amd64/jre/lib/amd64/libnio.so
7f3111939000-7f311193a000 rw-p 00012000 08:01 790191                     /usr/lib/jvm/java-8-openjdk-amd64/jre/lib/amd64/libnio.so
7f311193a000-7f3111951000 r-xp 00000000 08:01 790190                     /usr/lib/jvm/java-8-openjdk-amd64/jre/lib/amd64/libnet.so
7f3111951000-7f3111b50000 ---p 00017000 08:01 790190                     /usr/lib/jvm/java-8-openjdk-amd64/jre/lib/amd64/libnet.so
7f3111b50000-7f3111b51000 r--p 00016000 08:01 790190                     /usr/lib/jvm/java-8-openjdk-amd64/jre/lib/amd64/libnet.so
7f3111b51000-7f3111b52000 rw-p 00017000 08:01 790190                     /usr/lib/jvm/java-8-openjdk-amd64/jre/lib/amd64/libnet.so
7f3111b52000-7f3111b57000 r--s 0009a000 08:01 792814                     /usr/lib/jvm/java-8-openjdk-amd64/jre/lib/jsse.jar
7f3111b57000-7f3111d57000 rw-p 00000000 00:00 0 
7f3111d57000-7f3111f57000 rw-p 00000000 00:00 0 
7f3111f57000-7f3112157000 rw-p 00000000 00:00 0 
7f3112157000-7f311215b000 r--s 00038000 08:01 1340226                    /usr/share/java/plexus-utils2.jar
7f311215b000-7f311215d000 r--s 00005000 08:01 1340021                    /usr/share/java/eclipse-aether-transport-wagon.jar
7f311215d000-7f3112160000 r--s 0000a000 08:01 1340302                    /usr/share/java/maven3-artifact-3.3.9.jar
7f3112160000-7f3112161000 r--s 00000000 08:01 1339681                    /usr/share/java/geronimo-interceptor-3.0-spec-1.0.1.jar
7f3112161000-7f3112163000 r--s 00012000 08:01 1339687                    /usr/share/java/el-api-3.0.jar
7f3112163000-7f3112164000 r--s 00000000 08:01 1339668                    /usr/share/java/atinject-jsr330-api-1.0.jar
7f3112164000-7f3112167000 r--s 00008000 08:01 1339695                    /usr/share/java/cdi-api-1.0.jar
7f3112167000-7f311216f000 r--s 00068000 08:01 1339757                    /usr/share/java/commons-lang3.jar
7f311216f000-7f3112170000 r--s 00004000 08:01 1339667                    /usr/share/java/atinject-jsr330-tck-1.0.jar
7f3112170000-7f3112176000 r--s 0004f000 08:01 1339925                    /usr/share/java/jsoup.jar
7f3112176000-7f3112178000 r--s 00006000 08:01 1340020                    /usr/share/java/eclipse-aether-spi.jar
7f3112178000-7f311217d000 r--s 0002e000 08:01 1339745                    /usr/share/java/commons-io.jar
7f311217d000-7f311217f000 r--s 0000a000 08:01 1339713                    /usr/share/java/commons-cli-1.3.1.jar
7f311217f000-7f3112186000 r--s 00054000 08:01 1340261                    /usr/share/java/sisu-inject.jar
7f3112186000-7f3112188000 r--s 00001000 08:01 1340038                    /usr/share/java/aopalliance-1.0.jar
7f3112188000-7f3112196000 r--s 00099000 08:01 1340052                    /usr/share/java/guice.jar
7f3112196000-7f31121a3000 r--s 0008d000 08:01 1340305                    /usr/share/java/maven3-core-3.3.9.jar
7f31121a3000-7f31121a7000 r--s 00020000 08:01 1340023                    /usr/share/java/eclipse-aether-util.jar
7f31121a7000-7f31121a8000 r--s 00002000 08:01 1339898                    /usr/share/java/slf4j-simple.jar
7f31121a8000-7f31121a9000 r--s 00001000 08:01 1340273                    /usr/share/java/wagon-file-2.x.jar
7f31121a9000-7f31121aa000 r--s 00009000 08:01 1339892                    /usr/share/java/slf4j-api.jar
7f31121aa000-7f31121b1000 r--s 0002c000 08:01 1340267                    /usr/share/java/sisu-plexus.jar
7f31121b1000-7f31121b3000 r--s 0000a000 08:01 1340303                    /usr/share/java/maven3-plugin-api-3.3.9.jar
7f31121b3000-7f31121b8000 r--s 00040000 08:01 1339751                    /usr/share/java/commons-lang-2.6.jar
7f31121b8000-7f31121b9000 r--s 00006000 08:01 1340298                    /usr/share/java/maven3-repository-metadata-3.3.9.jar
7f31121b9000-7f31121bb000 r--s 00002000 08:01 1340158                    /usr/share/java/plexus-cipher.jar
7f31121bb000-7f31121bd000 r--s 00001000 08:01 1340304                    /usr/share/java/maven3-builder-support-3.3.9.jar
7f31121bd000-7f31121bf000 r--s 00000000 08:01 1340220                    /usr/share/java/plexus-component-annotations-1.5.jar
7f31121bf000-7f31121eb000 r--s 00208000 08:01 1339938                    /usr/share/java/guava.jar
7f31121eb000-7f31121ec000 r--s 00006000 08:01 1340164                    /usr/share/java/plexus-sec-dispatcher.jar
7f31121ec000-7f31121f1000 r--s 00025000 08:01 1340295                    /usr/share/java/maven3-model-builder-3.3.9.jar
7f31121f1000-7f31121f3000 r--s 0000a000 08:01 1340279                    /usr/share/java/wagon-provider-api-2.x.jar
7f31121f3000-7f31121f5000 r--s 00027000 08:01 1340296                    /usr/share/java/maven3-model-3.3.9.jar
7f31121f5000-7f31121f9000 r--s 00027000 08:01 1340015                    /usr/share/java/eclipse-aether-impl.jar
7f31121f9000-7f31121fb000 r--s 0000e000 08:01 1339854                    /usr/share/java/plexus-interpolation.jar
7f31121fb000-7f31121fe000 r--s 00007000 08:01 1340297                    /usr/share/java/maven3-settings-builder-3.3.9.jar
7f31121fe000-7f311222f000 r--s 00212000 08:01 1340277                    /usr/share/java/wagon-http-shaded-2.x.jar
7f311222f000-7f3112234000 r--s 0001d000 08:01 1340022                    /usr/share/java/eclipse-aether-api.jar
7f3112234000-7f311223b000 r--s 00041000 08:01 1340299                    /usr/share/java/maven3-compat-3.3.9.jar
7f311223b000-7f3112256000 r--s 001d6000 08:01 930684                     /usr/lib/jvm/java-8-openjdk-amd64/jre/lib/ext/nashorn.jar
7f3112256000-7f3112271000 r--s 00394000 08:01 930679                     /usr/lib/jvm/java-8-openjdk-amd64/jre/lib/ext/cldrdata.jar
7f3112271000-7f3112272000 ---p 00000000 00:00 0 
7f3112272000-7f3112372000 rw-p 00000000 00:00 0 
7f3112372000-7f3112375000 ---p 00000000 00:00 0 
7f3112375000-7f3112473000 rw-p 00000000 00:00 0 
7f3112473000-7f3112476000 ---p 00000000 00:00 0 
7f3112476000-7f3112574000 rw-p 00000000 00:00 0 
7f3112574000-7f3112850000 r--p 00000000 08:01 1184976                    /usr/lib/locale/locale-archive
7f3112850000-7f3114000000 rw-p 00000000 00:00 0 
7f3114000000-7f3114023000 rw-p 00000000 00:00 0 
7f3114023000-7f3118000000 ---p 00000000 00:00 0 
7f3118000000-7f3118001000 r--s 00001000 08:01 1340278                    /usr/share/java/wagon-http-shared-2.x.jar
7f3118001000-7f3118003000 r--s 00013000 08:01 1340301                    /usr/share/java/maven3-embedder-3.3.9.jar
7f3118003000-7f3118006000 ---p 00000000 00:00 0 
7f3118006000-7f3118104000 rw-p 00000000 00:00 0 
7f3118104000-7f3118107000 ---p 00000000 00:00 0 
7f3118107000-7f3118205000 rw-p 00000000 00:00 0 
7f3118205000-7f3118208000 ---p 00000000 00:00 0 
7f3118208000-7f3118306000 rw-p 00000000 00:00 0 
7f3118306000-7f3118309000 ---p 00000000 00:00 0 
7f3118309000-7f3118407000 rw-p 00000000 00:00 0 
7f3118407000-7f3118408000 ---p 00000000 00:00 0 
7f3118408000-7f3118e32000 rw-p 00000000 00:00 0 
7f3118e32000-7f3119000000 r--s 03c13000 08:01 792819                     /usr/lib/jvm/java-8-openjdk-amd64/jre/lib/rt.jar
7f3119000000-7f3119a00000 rwxp 00000000 00:00 0 
7f3119a00000-7f3128000000 ---p 00000000 00:00 0 
7f3128000000-7f3128c55000 rw-p 00000000 00:00 0 
7f3128c55000-7f312c000000 ---p 00000000 00:00 0 
7f312c000000-7f312c001000 r--s 00008000 08:01 1340018                    /usr/share/java/eclipse-aether-connector-basic.jar
7f312c001000-7f312c003000 r--s 0000d000 08:01 1340294                    /usr/share/java/maven3-aether-provider-3.3.9.jar
7f312c003000-7f312c005000 r--s 0000a000 08:01 1340214                    /usr/share/java/plexus-classworlds2-2.5.2.jar
7f312c005000-7f312c008000 r--s 0000f000 08:01 930681                     /usr/lib/jvm/java-8-openjdk-amd64/jre/lib/ext/icedtea-sound.jar
7f312c008000-7f312c00d000 r--s 0003b000 08:01 930686                     /usr/lib/jvm/java-8-openjdk-amd64/jre/lib/ext/sunjce_provider.jar
7f312c00d000-7f312c017000 r--s 00116000 08:01 930683                     /usr/lib/jvm/java-8-openjdk-amd64/jre/lib/ext/localedata.jar
7f312c017000-7f312ca4a000 rw-p 00000000 00:00 0 
7f312ca4a000-7f312ca4b000 ---p 00000000 00:00 0 
7f312ca4b000-7f312cb4b000 rw-p 00000000 00:00 0 
7f312cb4b000-7f312cb4c000 ---p 00000000 00:00 0 
7f312cb4c000-7f312cc5c000 rw-p 00000000 00:00 0 
7f312cc5c000-7f312cd49000 ---p 00000000 00:00 0 
7f312cd49000-7f312cd59000 rw-p 00000000 00:00 0 
7f312cd59000-7f312ce45000 ---p 00000000 00:00 0 
7f312ce45000-7f312ce7e000 rw-p 00000000 00:00 0 
7f312ce7e000-7f312cec4000 ---p 00000000 00:00 0 
7f312cec4000-7f312ceed000 rw-p 00000000 00:00 0 
7f312ceed000-7f312d285000 ---p 00000000 00:00 0 
7f312d285000-7f312d28d000 r-xp 00000000 08:01 790198                     /usr/lib/jvm/java-8-openjdk-amd64/jre/lib/amd64/libzip.so
7f312d28d000-7f312d48c000 ---p 00008000 08:01 790198                     /usr/lib/jvm/java-8-openjdk-amd64/jre/lib/amd64/libzip.so
7f312d48c000-7f312d48d000 r--p 00007000 08:01 790198                     /usr/lib/jvm/java-8-openjdk-amd64/jre/lib/amd64/libzip.so
7f312d48d000-7f312d48e000 rw-p 00008000 08:01 790198                     /usr/lib/jvm/java-8-openjdk-amd64/jre/lib/amd64/libzip.so
7f312d48e000-7f312d499000 r-xp 00000000 08:01 917551                     /lib/x86_64-linux-gnu/libnss_files-2.24.so
7f312d499000-7f312d698000 ---p 0000b000 08:01 917551                     /lib/x86_64-linux-gnu/libnss_files-2.24.so
7f312d698000-7f312d699000 r--p 0000a000 08:01 917551                     /lib/x86_64-linux-gnu/libnss_files-2.24.so
7f312d699000-7f312d69a000 rw-p 0000b000 08:01 917551                     /lib/x86_64-linux-gnu/libnss_files-2.24.so
7f312d69a000-7f312d6a0000 rw-p 00000000 00:00 0 
7f312d6a0000-7f312d6ab000 r-xp 00000000 08:01 917553                     /lib/x86_64-linux-gnu/libnss_nis-2.24.so
7f312d6ab000-7f312d8aa000 ---p 0000b000 08:01 917553                     /lib/x86_64-linux-gnu/libnss_nis-2.24.so
7f312d8aa000-7f312d8ab000 r--p 0000a000 08:01 917553                     /lib/x86_64-linux-gnu/libnss_nis-2.24.so
7f312d8ab000-7f312d8ac000 rw-p 0000b000 08:01 917553                     /lib/x86_64-linux-gnu/libnss_nis-2.24.so
7f312d8ac000-7f312d8c2000 r-xp 00000000 08:01 917548                     /lib/x86_64-linux-gnu/libnsl-2.24.so
7f312d8c2000-7f312dac1000 ---p 00016000 08:01 917548                     /lib/x86_64-linux-gnu/libnsl-2.24.so
7f312dac1000-7f312dac2000 r--p 00015000 08:01 917548                     /lib/x86_64-linux-gnu/libnsl-2.24.so
7f312dac2000-7f312dac3000 rw-p 00016000 08:01 917548                     /lib/x86_64-linux-gnu/libnsl-2.24.so
7f312dac3000-7f312dac5000 rw-p 00000000 00:00 0 
7f312dac5000-7f312dacd000 r-xp 00000000 08:01 917549                     /lib/x86_64-linux-gnu/libnss_compat-2.24.so
7f312dacd000-7f312dccc000 ---p 00008000 08:01 917549                     /lib/x86_64-linux-gnu/libnss_compat-2.24.so
7f312dccc000-7f312dccd000 r--p 00007000 08:01 917549                     /lib/x86_64-linux-gnu/libnss_compat-2.24.so
7f312dccd000-7f312dcce000 rw-p 00008000 08:01 917549                     /lib/x86_64-linux-gnu/libnss_compat-2.24.so
7f312dcce000-7f312dcfb000 r-xp 00000000 08:01 790179                     /usr/lib/jvm/java-8-openjdk-amd64/jre/lib/amd64/libjava.so
7f312dcfb000-7f312defa000 ---p 0002d000 08:01 790179                     /usr/lib/jvm/java-8-openjdk-amd64/jre/lib/amd64/libjava.so
7f312defa000-7f312defb000 r--p 0002c000 08:01 790179                     /usr/lib/jvm/java-8-openjdk-amd64/jre/lib/amd64/libjava.so
7f312defb000-7f312defd000 rw-p 0002d000 08:01 790179                     /usr/lib/jvm/java-8-openjdk-amd64/jre/lib/amd64/libjava.so
7f312defd000-7f312df0c000 r-xp 00000000 08:01 790197                     /usr/lib/jvm/java-8-openjdk-amd64/jre/lib/amd64/libverify.so
7f312df0c000-7f312e10c000 ---p 0000f000 08:01 790197                     /usr/lib/jvm/java-8-openjdk-amd64/jre/lib/amd64/libverify.so
7f312e10c000-7f312e10e000 r--p 0000f000 08:01 790197                     /usr/lib/jvm/java-8-openjdk-amd64/jre/lib/amd64/libverify.so
7f312e10e000-7f312e10f000 rw-p 00011000 08:01 790197                     /usr/lib/jvm/java-8-openjdk-amd64/jre/lib/amd64/libverify.so
7f312e10f000-7f312e116000 r-xp 00000000 08:01 922898                     /lib/x86_64-linux-gnu/librt-2.24.so
7f312e116000-7f312e315000 ---p 00007000 08:01 922898                     /lib/x86_64-linux-gnu/librt-2.24.so
7f312e315000-7f312e316000 r--p 00006000 08:01 922898                     /lib/x86_64-linux-gnu/librt-2.24.so
7f312e316000-7f312e317000 rw-p 00007000 08:01 922898                     /lib/x86_64-linux-gnu/librt-2.24.so
7f312e317000-7f312e32d000 r-xp 00000000 08:01 923076                     /lib/x86_64-linux-gnu/libgcc_s.so.1
7f312e32d000-7f312e52c000 ---p 00016000 08:01 923076                     /lib/x86_64-linux-gnu/libgcc_s.so.1
7f312e52c000-7f312e52d000 r--p 00015000 08:01 923076                     /lib/x86_64-linux-gnu/libgcc_s.so.1
7f312e52d000-7f312e52e000 rw-p 00016000 08:01 923076                     /lib/x86_64-linux-gnu/libgcc_s.so.1
7f312e52e000-7f312e636000 r-xp 00000000 08:01 917545                     /lib/x86_64-linux-gnu/libm-2.24.so
7f312e636000-7f312e835000 ---p 00108000 08:01 917545                     /lib/x86_64-linux-gnu/libm-2.24.so
7f312e835000-7f312e836000 r--p 00107000 08:01 917545                     /lib/x86_64-linux-gnu/libm-2.24.so
7f312e836000-7f312e837000 rw-p 00108000 08:01 917545                     /lib/x86_64-linux-gnu/libm-2.24.so
7f312e837000-7f312e9b0000 r-xp 00000000 08:01 1186287                    /usr/lib/x86_64-linux-gnu/libstdc++.so.6.0.22
7f312e9b0000-7f312ebaf000 ---p 00179000 08:01 1186287                    /usr/lib/x86_64-linux-gnu/libstdc++.so.6.0.22
7f312ebaf000-7f312ebb9000 r--p 00178000 08:01 1186287                    /usr/lib/x86_64-linux-gnu/libstdc++.so.6.0.22
7f312ebb9000-7f312ebbb000 rw-p 00182000 08:01 1186287                    /usr/lib/x86_64-linux-gnu/libstdc++.so.6.0.22
7f312ebbb000-7f312ebbf000 rw-p 00000000 00:00 0 
7f312ebbf000-7f312f819000 r-xp 00000000 08:01 790201                     /usr/lib/jvm/java-8-openjdk-amd64/jre/lib/amd64/server/libjvm.so
7f312f819000-7f312fa18000 ---p 00c5a000 08:01 790201                     /usr/lib/jvm/java-8-openjdk-amd64/jre/lib/amd64/server/libjvm.so
7f312fa18000-7f312faab000 r--p 00c59000 08:01 790201                     /usr/lib/jvm/java-8-openjdk-amd64/jre/lib/amd64/server/libjvm.so
7f312faab000-7f312fad4000 rw-p 00cec000 08:01 790201                     /usr/lib/jvm/java-8-openjdk-amd64/jre/lib/amd64/server/libjvm.so
7f312fad4000-7f312fb04000 rw-p 00000000 00:00 0 
7f312fb04000-7f312fb1c000 r-xp 00000000 08:01 922554                     /lib/x86_64-linux-gnu/libpthread-2.24.so
7f312fb1c000-7f312fd1c000 ---p 00018000 08:01 922554                     /lib/x86_64-linux-gnu/libpthread-2.24.so
7f312fd1c000-7f312fd1d000 r--p 00018000 08:01 922554                     /lib/x86_64-linux-gnu/libpthread-2.24.so
7f312fd1d000-7f312fd1e000 rw-p 00019000 08:01 922554                     /lib/x86_64-linux-gnu/libpthread-2.24.so
7f312fd1e000-7f312fd22000 rw-p 00000000 00:00 0 
7f312fd22000-7f312fd25000 r-xp 00000000 08:01 917544                     /lib/x86_64-linux-gnu/libdl-2.24.so
7f312fd25000-7f312ff24000 ---p 00003000 08:01 917544                     /lib/x86_64-linux-gnu/libdl-2.24.so
7f312ff24000-7f312ff25000 r--p 00002000 08:01 917544                     /lib/x86_64-linux-gnu/libdl-2.24.so
7f312ff25000-7f312ff26000 rw-p 00003000 08:01 917544                     /lib/x86_64-linux-gnu/libdl-2.24.so
7f312ff26000-7f312ff41000 r-xp 00000000 08:01 923213                     /lib/x86_64-linux-gnu/libz.so.1.2.11
7f312ff41000-7f3130140000 ---p 0001b000 08:01 923213                     /lib/x86_64-linux-gnu/libz.so.1.2.11
7f3130140000-7f3130141000 r--p 0001a000 08:01 923213                     /lib/x86_64-linux-gnu/libz.so.1.2.11
7f3130141000-7f3130142000 rw-p 0001b000 08:01 923213                     /lib/x86_64-linux-gnu/libz.so.1.2.11
7f3130142000-7f3130300000 r-xp 00000000 08:01 917541                     /lib/x86_64-linux-gnu/libc-2.24.so
7f3130300000-7f31304ff000 ---p 001be000 08:01 917541                     /lib/x86_64-linux-gnu/libc-2.24.so
7f31304ff000-7f3130503000 r--p 001bd000 08:01 917541                     /lib/x86_64-linux-gnu/libc-2.24.so
7f3130503000-7f3130505000 rw-p 001c1000 08:01 917541                     /lib/x86_64-linux-gnu/libc-2.24.so
7f3130505000-7f3130509000 rw-p 00000000 00:00 0 
7f3130509000-7f3130516000 r-xp 00000000 08:01 790165                     /usr/lib/jvm/java-8-openjdk-amd64/jre/lib/amd64/jli/libjli.so
7f3130516000-7f3130716000 ---p 0000d000 08:01 790165                     /usr/lib/jvm/java-8-openjdk-amd64/jre/lib/amd64/jli/libjli.so
7f3130716000-7f3130717000 r--p 0000d000 08:01 790165                     /usr/lib/jvm/java-8-openjdk-amd64/jre/lib/amd64/jli/libjli.so
7f3130717000-7f3130718000 rw-p 0000e000 08:01 790165                     /usr/lib/jvm/java-8-openjdk-amd64/jre/lib/amd64/jli/libjli.so
7f3130718000-7f313073e000 r-xp 00000000 08:01 917518                     /lib/x86_64-linux-gnu/ld-2.24.so
7f313073e000-7f3130740000 r--s 00007000 08:01 1319769                    /usr/share/java/java-atk-wrapper.jar
7f3130740000-7f3130742000 r--s 00001000 08:01 930680                     /usr/lib/jvm/java-8-openjdk-amd64/jre/lib/ext/dnsns.jar
7f3130742000-7f3130822000 rw-p 00000000 00:00 0 
7f3130822000-7f3130825000 ---p 00000000 00:00 0 
7f3130825000-7f3130927000 rw-p 00000000 00:00 0 
7f3130927000-7f3130928000 r--s 0000a000 08:01 1340300                    /usr/share/java/maven3-settings-3.3.9.jar
7f3130928000-7f3130929000 r--s 00010000 08:01 930688                     /usr/lib/jvm/java-8-openjdk-amd64/jre/lib/ext/zipfs.jar
7f3130929000-7f313092d000 r--s 00037000 08:01 930687                     /usr/lib/jvm/java-8-openjdk-amd64/jre/lib/ext/sunpkcs11.jar
7f313092d000-7f313092e000 r--s 0000a000 08:01 930682                     /usr/lib/jvm/java-8-openjdk-amd64/jre/lib/ext/jaccess.jar
7f313092e000-7f3130930000 r--s 00008000 08:01 930685                     /usr/lib/jvm/java-8-openjdk-amd64/jre/lib/ext/sunec.jar
7f3130930000-7f3130938000 rw-s 00000000 08:01 786641                     /tmp/hsperfdata_novabase/11153
7f3130938000-7f3130939000 rw-p 00000000 00:00 0 
7f3130939000-7f313093a000 ---p 00000000 00:00 0 
7f313093a000-7f313093d000 rw-p 00000000 00:00 0 
7f313093d000-7f313093e000 r--p 00025000 08:01 917518                     /lib/x86_64-linux-gnu/ld-2.24.so
7f313093e000-7f313093f000 rw-p 00026000 08:01 917518                     /lib/x86_64-linux-gnu/ld-2.24.so
7f313093f000-7f3130940000 rw-p 00000000 00:00 0 
7fff475ad000-7fff475ce000 rw-p 00000000 00:00 0                          [stack]
7fff475e2000-7fff475e4000 r--p 00000000 00:00 0                          [vvar]
7fff475e4000-7fff475e6000 r-xp 00000000 00:00 0                          [vdso]
ffffffffff600000-ffffffffff601000 r-xp 00000000 00:00 0                  [vsyscall]

VM Arguments:
jvm_args: -Dclassworlds.conf=/usr/share/maven/bin/m2.conf -Dmaven.home=/usr/share/maven -Dmaven.multiModuleProjectDirectory=/home/novabase/Documents/java-bank 
java_command: org.codehaus.plexus.classworlds.launcher.Launcher clean package tomcat7:redeploy -Dmaven.test.skip=true
java_class_path (initial): /usr/share/maven/boot/plexus-classworlds-2.x.jar
Launcher Type: SUN_STANDARD

Environment Variables:
JAVA_HOME=/usr/lib/jvm/java-8-openjdk-amd64
PATH=/home/novabase/.local/share/umake/bin:/home/novabase/.local/share/umake/bin:/usr/local/sbin:/usr/local/bin:/usr/sbin:/usr/bin:/sbin:/bin:/usr/games:/usr/local/games:/snap/bin:/snap/bin
LD_LIBRARY_PATH=/home/novabase/.local/share/umake/ide/idea-ultimate/bin:
SHELL=/bin/bash
DISPLAY=:0.0

Signal Handlers:
SIGSEGV: [libjvm.so+0xa70490], sa_mask[0]=11111111011111111101111111111110, sa_flags=SA_RESTART|SA_SIGINFO
SIGBUS: [libjvm.so+0xa70490], sa_mask[0]=11111111011111111101111111111110, sa_flags=SA_RESTART|SA_SIGINFO
SIGFPE: [libjvm.so+0x8b9fc0], sa_mask[0]=11111111011111111101111111111110, sa_flags=SA_RESTART|SA_SIGINFO
SIGPIPE: [libjvm.so+0x8b9fc0], sa_mask[0]=11111111011111111101111111111110, sa_flags=SA_RESTART|SA_SIGINFO
SIGXFSZ: [libjvm.so+0x8b9fc0], sa_mask[0]=11111111011111111101111111111110, sa_flags=SA_RESTART|SA_SIGINFO
SIGILL: [libjvm.so+0x8b9fc0], sa_mask[0]=11111111011111111101111111111110, sa_flags=SA_RESTART|SA_SIGINFO
SIGUSR1: SIG_DFL, sa_mask[0]=00000000000000000000000000000000, sa_flags=none
SIGUSR2: [libjvm.so+0x8b9e70], sa_mask[0]=00100000000000000000000000000000, sa_flags=SA_RESTART|SA_SIGINFO
SIGHUP: [libjvm.so+0x8ba320], sa_mask[0]=11111111011111111101111111111110, sa_flags=SA_RESTART|SA_SIGINFO
SIGINT: [libjvm.so+0x8ba320], sa_mask[0]=11111111011111111101111111111110, sa_flags=SA_RESTART|SA_SIGINFO
SIGTERM: [libjvm.so+0x8ba320], sa_mask[0]=11111111011111111101111111111110, sa_flags=SA_RESTART|SA_SIGINFO
SIGQUIT: [libjvm.so+0x8ba320], sa_mask[0]=11111111011111111101111111111110, sa_flags=SA_RESTART|SA_SIGINFO


---------------  S Y S T E M  ---------------

OS:DISTRIB_ID=Ubuntu
DISTRIB_RELEASE=17.04
DISTRIB_CODENAME=zesty
DISTRIB_DESCRIPTION="Ubuntu 17.04"

uname:Linux 4.10.0-37-generic #41-Ubuntu SMP Fri Oct 6 20:20:37 UTC 2017 x86_64
libc:glibc 2.24 NPTL 2.24 
rlimit: STACK 8192k, CORE 0k, NPROC 11948, NOFILE 1048576, AS infinity
load average:0,65 0,51 0,55

/proc/meminfo:
MemTotal:        3104604 kB
MemFree:           79624 kB
MemAvailable:      22104 kB
Buffers:            3560 kB
Cached:            51568 kB
SwapCached:         7544 kB
Active:          2318680 kB
Inactive:         590492 kB
Active(anon):    2307456 kB
Inactive(anon):   578868 kB
Active(file):      11224 kB
Inactive(file):    11624 kB
Unevictable:          32 kB
Mlocked:              32 kB
SwapTotal:       1214880 kB
SwapFree:              0 kB
Dirty:               480 kB
Writeback:             0 kB
AnonPages:       2848404 kB
Mapped:            42552 kB
Shmem:             32244 kB
Slab:              45664 kB
SReclaimable:      21024 kB
SUnreclaim:        24640 kB
KernelStack:        7584 kB
PageTables:        33044 kB
NFS_Unstable:          0 kB
Bounce:                0 kB
WritebackTmp:          0 kB
CommitLimit:     2767180 kB
Committed_AS:    5899916 kB
VmallocTotal:   34359738367 kB
VmallocUsed:           0 kB
VmallocChunk:          0 kB
HardwareCorrupted:     0 kB
AnonHugePages:   1318912 kB
ShmemHugePages:        0 kB
ShmemPmdMapped:        0 kB
CmaTotal:              0 kB
CmaFree:               0 kB
HugePages_Total:       0
HugePages_Free:        0
HugePages_Rsvd:        0
HugePages_Surp:        0
Hugepagesize:       2048 kB
DirectMap4k:      116672 kB
DirectMap2M:     3057664 kB


CPU:total 2 (initial active 2) (2 cores per cpu, 1 threads per core) family 6 model 61 stepping 4, cmov, cx8, fxsr, mmx, sse, sse2, sse3, ssse3, sse4.1, sse4.2, popcnt, avx, aes, clmul, 3dnowpref, lzcnt, tsc, tscinvbit

/proc/cpuinfo:
processor	: 0
vendor_id	: GenuineIntel
cpu family	: 6
model		: 61
model name	: Intel(R) Core(TM) i5-5200U CPU @ 2.20GHz
stepping	: 4
cpu MHz		: 2194.916
cache size	: 3072 KB
physical id	: 0
siblings	: 2
core id		: 0
cpu cores	: 2
apicid		: 0
initial apicid	: 0
fpu		: yes
fpu_exception	: yes
cpuid level	: 20
wp		: yes
flags		: fpu vme de pse tsc msr pae mce cx8 apic sep mtrr pge mca cmov pat pse36 clflush mmx fxsr sse sse2 ht syscall nx rdtscp lm constant_tsc rep_good nopl xtopology nonstop_tsc pni pclmulqdq ssse3 cx16 sse4_1 sse4_2 x2apic movbe popcnt aes xsave avx rdrand hypervisor lahf_lm abm 3dnowprefetch rdseed
bugs		:
bogomips	: 4389.83
clflush size	: 64
cache_alignment	: 64
address sizes	: 39 bits physical, 48 bits virtual
power management:

processor	: 1
vendor_id	: GenuineIntel
cpu family	: 6
model		: 61
model name	: Intel(R) Core(TM) i5-5200U CPU @ 2.20GHz
stepping	: 4
cpu MHz		: 2194.916
cache size	: 3072 KB
physical id	: 0
siblings	: 2
core id		: 1
cpu cores	: 2
apicid		: 1
initial apicid	: 1
fpu		: yes
fpu_exception	: yes
cpuid level	: 20
wp		: yes
flags		: fpu vme de pse tsc msr pae mce cx8 apic sep mtrr pge mca cmov pat pse36 clflush mmx fxsr sse sse2 ht syscall nx rdtscp lm constant_tsc rep_good nopl xtopology nonstop_tsc pni pclmulqdq ssse3 cx16 sse4_1 sse4_2 x2apic movbe popcnt aes xsave avx rdrand hypervisor lahf_lm abm 3dnowprefetch rdseed
bugs		:
bogomips	: 4389.83
clflush size	: 64
cache_alignment	: 64
address sizes	: 39 bits physical, 48 bits virtual
power management:



Memory: 4k page, physical 3104604k(79624k free), swap 1214880k(0k free)

vm_info: OpenJDK 64-Bit Server VM (25.131-b11) for linux-amd64 JRE (1.8.0_131-8u131-b11-2ubuntu1.17.04.3-b11), built on Jul 27 2017 21:26:44 by "buildd" with gcc 6.3.0 20170406

time: Mon Oct 23 12:13:25 2017
elapsed time: 6 seconds (0d 0h 0m 6s)

